FYPFinal/chemsolve/launcher/build/intermediates/manifest_merge_blame_file/debug/manifest-merger-blame-debug-report.txt
1<?xml version="1.0" encoding="utf-8"?>
2<manifest xmlns:android="http://schemas.android.com/apk/res/android"
3    xmlns:tools="http://schemas.android.com/tools"
4    package="com.chemsloveUnity.C3Dsmiles"
5    android:installLocation="preferExternal" >
6
7    <uses-sdk
8        android:minSdkVersion="26"
8-->src\main\AndroidManifest.xml
9        android:targetSdkVersion="32" />
9-->src\main\AndroidManifest.xml
10
11    <supports-screens
11-->src\main\AndroidManifest.xml:3:3-163
12        android:anyDensity="true"
12-->src\main\AndroidManifest.xml:3:135-160
13        android:largeScreens="true"
13-->src\main\AndroidManifest.xml:3:78-105
14        android:normalScreens="true"
14-->src\main\AndroidManifest.xml:3:49-77
15        android:smallScreens="true"
15-->src\main\AndroidManifest.xml:3:21-48
16        android:xlargeScreens="true" />
16-->src\main\AndroidManifest.xml:3:106-134
17
18    <application
18-->src\main\AndroidManifest.xml:4:3-83
19        android:icon="@mipmap/app_icon"
19-->src\main\AndroidManifest.xml:4:49-80
20        android:label="@string/app_name" />
20-->src\main\AndroidManifest.xml:4:16-48
21
22</manifest>